2018-12-31 17:04:52.143 29483-29483/se.chai.cardboardremotedesktop.lite E/AndroidRuntime: FATAL EXCEPTION: main
    Process: se.chai.cardboardremotedesktop.lite, PID: 29483
    java.lang.RuntimeException: Unable to start activity ComponentInfo{se.chai.cardboardremotedesktop.lite/se.chai.cardboardremotedesktop.DisplayActivity}: java.lang.NullPointerException: Attempt to invoke virtual method 'void com.google.vr.sdk.widgets.pano.VrPanoramaView.setEventListener(com.google.vr.sdk.widgets.pano.VrPanoramaEventListener)' on a null object reference
        at android.app.ActivityThread.performLaunchActivity(ActivityThread.java:2951)
        at android.app.ActivityThread.handleLaunchActivity(ActivityThread.java:3086)
        at android.app.servertransaction.LaunchActivityItem.execute(LaunchActivityItem.java:78)
        at android.app.servertransaction.TransactionExecutor.executeCallbacks(TransactionExecutor.java:108)
        at android.app.servertransaction.TransactionExecutor.execute(TransactionExecutor.java:68)
        at android.app.ActivityThread$H.handleMessage(ActivityThread.java:1816)
        at android.os.Handler.dispatchMessage(Handler.java:106)
        at android.os.Looper.loop(Looper.java:193)
        at android.app.ActivityThread.main(ActivityThread.java:6718)
        at java.lang.reflect.Method.invoke(Native Method)
        at com.android.internal.os.RuntimeInit$MethodAndArgsCaller.run(RuntimeInit.java:493)
        at com.android.internal.os.ZygoteInit.main(ZygoteInit.java:858)
     Caused by: java.lang.NullPointerException: Attempt to invoke virtual method 'void com.google.vr.sdk.widgets.pano.VrPanoramaView.setEventListener(com.google.vr.sdk.widgets.pano.VrPanoramaEventListener)' on a null object reference
        at se.chai.cardboardremotedesktop.DisplayActivity.onCreate(DisplayActivity.java:240)
        at android.app.Activity.performCreate(Activity.java:7144)
        at android.app.Activity.performCreate(Activity.java:7135)
        at android.app.Instrumentation.callActivityOnCreate(Instrumentation.java:1271)
        at android.app.ActivityThread.performLaunchActivity(ActivityThread.java:2931)
        at android.app.ActivityThread.handleLaunchActivity(ActivityThread.java:3086) 
        at android.app.servertransaction.LaunchActivityItem.execute(LaunchActivityItem.java:78) 
        at android.app.servertransaction.TransactionExecutor.executeCallbacks(TransactionExecutor.java:108) 
        at android.app.servertransaction.TransactionExecutor.execute(TransactionExecutor.java:68) 
        at android.app.ActivityThread$H.handleMessage(ActivityThread.java:1816) 
        at android.os.Handler.dispatchMessage(Handler.java:106) 
        at android.os.Looper.loop(Looper.java:193) 
        at android.app.ActivityThread.main(ActivityThread.java:6718) 
        at java.lang.reflect.Method.invoke(Native Method) 
        at com.android.internal.os.RuntimeInit$MethodAndArgsCaller.run(RuntimeInit.java:493) 
        at com.android.internal.os.ZygoteInit.main(ZygoteInit.java:858)


2018-12-31 17:24:27.952 31477-31489/? E/System: Uncaught exception thrown by finalizer
2018-12-31 17:24:27.956 31477-31489/? E/System: java.lang.NullPointerException: Attempt to read from field 'com.google.android.gms.common.api.Result com.google.android.gms.internal.zzys.zzaJp' on a null object reference
        at com.google.android.gms.internal.zzys.zza(Unknown Source:0)
        at com.google.android.gms.internal.zzys$zzb.finalize(Unknown Source:2)
        at java.lang.Daemons$FinalizerDaemon.doFinalize(Daemons.java:250)
        at java.lang.Daemons$FinalizerDaemon.runInternal(Daemons.java:237)
        at java.lang.Daemons$Daemon.run(Daemons.java:103)
        at java.lang.Thread.run(Thread.java:764)
2018-12-31 17:24:27.956 31477-31489/? E/System: Uncaught exception thrown by finalizer
2018-12-31 17:24:27.956 31477-31489/? E/System: java.lang.NullPointerException: Attempt to read from field 'com.google.android.gms.common.api.Result com.google.android.gms.internal.zzys.zzaJp' on a null object reference
        at com.google.android.gms.internal.zzys.zza(Unknown Source:0)
        at com.google.android.gms.internal.zzys$zzb.finalize(Unknown Source:2)
        at java.lang.Daemons$FinalizerDaemon.doFinalize(Daemons.java:250)
        at java.lang.Daemons$FinalizerDaemon.runInternal(Daemons.java:237)
        at java.lang.Daemons$Daemon.run(Daemons.java:103)
        at java.lang.Thread.run(Thread.java:764)
2018-12-31 17:24:27.956 31477-31489/? E/System: Uncaught exception thrown by finalizer
2018-12-31 17:24:27.956 31477-31489/? E/System: java.lang.NullPointerException: Attempt to read from field 'com.google.android.gms.common.api.Result com.google.android.gms.internal.zzys.zzaJp' on a null object reference
        at com.google.android.gms.internal.zzys.zza(Unknown Source:0)
        at com.google.android.gms.internal.zzys$zzb.finalize(Unknown Source:2)
        at java.lang.Daemons$FinalizerDaemon.doFinalize(Daemons.java:250)
        at java.lang.Daemons$FinalizerDaemon.runInternal(Daemons.java:237)
        at java.lang.Daemons$Daemon.run(Daemons.java:103)
        at java.lang.Thread.run(Thread.java:764)
2018-12-31 17:24:27.956 31477-31489/? E/System: Uncaught exception thrown by finalizer
2018-12-31 17:24:27.957 31477-31489/? E/System: java.lang.NullPointerException: Attempt to read from field 'com.google.android.gms.common.api.Result com.google.android.gms.internal.zzys.zzaJp' on a null object reference
        at com.google.android.gms.internal.zzys.zza(Unknown Source:0)
        at com.google.android.gms.internal.zzys$zzb.finalize(Unknown Source:2)
        at java.lang.Daemons$FinalizerDaemon.doFinalize(Daemons.java:250)
        at java.lang.Daemons$FinalizerDaemon.runInternal(Daemons.java:237)
        at java.lang.Daemons$Daemon.run(Daemons.java:103)
        at java.lang.Thread.run(Thread.java:764)
2018-12-31 17:24:27.957 31477-31489/? E/System: Uncaught exception thrown by finalizer
2018-12-31 17:24:27.957 31477-31489/? E/System: java.lang.NullPointerException: Attempt to read from field 'com.google.android.gms.common.api.Result com.google.android.gms.internal.zzys.zzaJp' on a null object reference
        at com.google.android.gms.internal.zzys.zza(Unknown Source:0)
        at com.google.android.gms.internal.zzys$zzb.finalize(Unknown Source:2)
        at java.lang.Daemons$FinalizerDaemon.doFinalize(Daemons.java:250)
        at java.lang.Daemons$FinalizerDaemon.runInternal(Daemons.java:237)
        at java.lang.Daemons$Daemon.run(Daemons.java:103)
        at java.lang.Thread.run(Thread.java:764)
2018-12-31 17:24:27.957 31477-31489/? E/System: Uncaught exception thrown by finalizer
2018-12-31 17:24:27.957 31477-31489/? E/System: java.lang.NullPointerException: Attempt to read from field 'com.google.android.gms.common.api.Result com.google.android.gms.internal.zzys.zzaJp' on a null object reference
        at com.google.android.gms.internal.zzys.zza(Unknown Source:0)
        at com.google.android.gms.internal.zzys$zzb.finalize(Unknown Source:2)
        at java.lang.Daemons$FinalizerDaemon.doFinalize(Daemons.java:250)
        at java.lang.Daemons$FinalizerDaemon.runInternal(Daemons.java:237)
        at java.lang.Daemons$Daemon.run(Daemons.java:103)
        at java.lang.Thread.run(Thread.java:764)
2018-12-31 17:24:27.957 31477-31489/? E/System: Uncaught exception thrown by finalizer
2018-12-31 17:24:27.957 31477-31489/? E/System: java.lang.NullPointerException: Attempt to read from field 'com.google.android.gms.common.api.Result com.google.android.gms.internal.zzys.zzaJp' on a null object reference
        at com.google.android.gms.internal.zzys.zza(Unknown Source:0)
        at com.google.android.gms.internal.zzys$zzb.finalize(Unknown Source:2)
        at java.lang.Daemons$FinalizerDaemon.doFinalize(Daemons.java:250)
        at java.lang.Daemons$FinalizerDaemon.runInternal(Daemons.java:237)
        at java.lang.Daemons$Daemon.run(Daemons.java:103)
        at java.lang.Thread.run(Thread.java:764)
2018-12-31 17:24:27.957 31477-31489/? E/System: Uncaught exception thrown by finalizer
2018-12-31 17:24:27.957 31477-31489/? E/System: java.lang.NullPointerException: Attempt to read from field 'com.google.android.gms.common.api.Result com.google.android.gms.internal.zzys.zzaJp' on a null object reference
        at com.google.android.gms.internal.zzys.zza(Unknown Source:0)
        at com.google.android.gms.internal.zzys$zzb.finalize(Unknown Source:2)
        at java.lang.Daemons$FinalizerDaemon.doFinalize(Daemons.java:250)
        at java.lang.Daemons$FinalizerDaemon.runInternal(Daemons.java:237)
        at java.lang.Daemons$Daemon.run(Daemons.java:103)
        at java.lang.Thread.run(Thread.java:764)